<?xml version="1.0" encoding="UTF-8"?>
<!-- Generated by org.testng.reporters.JUnitReportReporter -->
<testsuite hostname="DESKTOP-D1U3H8M" failures="0" tests="2" name="JSexecutor.JS_1" time="173.613" errors="0" timestamp="31 Dec 2023 11:22:38 GMT">
  <testcase classname="JSexecutor.JS_1" name="TC1" time="142.167"/>
  <testcase classname="JSexecutor.JS_1" name="TC2" time="31.446"/>
</testsuite> <!-- JSexecutor.JS_1 -->
