<?xml version="1.0" encoding="UTF-8"?>
<!-- Generated by org.testng.reporters.JUnitReportReporter -->
<testsuite hostname="DESKTOP-2TH7MND" name="JSexecutor.JS2_scrolling" tests="1" failures="0" timestamp="12 Jan 2023 04:18:51 GMT" time="26.678" errors="0">
  <testcase name="scrolling" time="26.678" classname="JSexecutor.JS2_scrolling"/>
</testsuite> <!-- JSexecutor.JS2_scrolling -->
