<?xml version="1.0" encoding="UTF-8"?>
<!-- Generated by org.testng.reporters.JUnitReportReporter -->
<testsuite hostname="DESKTOP-2TH7MND" name="Testscript.VtigerLeadTest" tests="1" failures="0" timestamp="10 Jan 2023 19:01:01 GMT" time="8.270" errors="0">
  <testcase name="vtigerOPs" time="8.270" classname="Testscript.VtigerLeadTest"/>
</testsuite> <!-- Testscript.VtigerLeadTest -->
